<?xml version="1.0" encoding="UTF-8"?>
<!-- Generated by org.testng.reporters.JUnitXMLReporter -->
<testsuite hostname="DESKTOP-O5SIUU5" ignored="0" name="Test(failed)" tests="1" failures="1" timestamp="10 Nov 2017 08:49:19 GMT" time="0.026" errors="0">
  <testcase name="ThirdTest" time="0.007" classname="execute_fail_test_case.execute_fail_case3">
    <failure type="java.lang.AssertionError" message="expected [true] but found [false]">
      <![CDATA[java.lang.AssertionError: expected [true] but found [false]
	at execute_fail_test_case.execute_fail_case3.ThirdTest(execute_fail_case3.java:11)
	at TestRunner.Runner.main(Runner.java:17)
... Removed 26 stack frames]]>
    </failure>
  </testcase> <!-- ThirdTest -->
</testsuite> <!-- Test(failed) -->
